<?xml version="1.0" encoding="utf-8"?><testsuites><testsuite name="pytest" errors="2" failures="0" skipped="0" tests="2" time="57.641" timestamp="2021-02-04T02:00:07.757945" hostname="santiago-VirtualBox"><testcase classname="" name="unit_test.list_pep_test" time="0.000"><error message="collection failure">unit_test/list_pep_test.py:18: in &lt;module&gt;
    read_data()
unit_test/list_pep_test.py:17: in read_data
    assert utl_pep.read_data(list_)
list_pep/utilities.py:104: in read_data
    driver = self.browser_settings_1()
list_pep/utilities.py:43: in browser_settings_1
    driver = webdriver.Chrome(
lists_env/lib/python3.8/site-packages/selenium/webdriver/chrome/webdriver.py:76: in __init__
    RemoteWebDriver.__init__(
lists_env/lib/python3.8/site-packages/selenium/webdriver/remote/webdriver.py:157: in __init__
    self.start_session(capabilities, browser_profile)
lists_env/lib/python3.8/site-packages/selenium/webdriver/remote/webdriver.py:252: in start_session
    response = self.execute(Command.NEW_SESSION, parameters)
lists_env/lib/python3.8/site-packages/selenium/webdriver/remote/webdriver.py:321: in execute
    self.error_handler.check_response(response)
lists_env/lib/python3.8/site-packages/selenium/webdriver/remote/errorhandler.py:242: in check_response
    raise exception_class(message, screen, stacktrace)
E   selenium.common.exceptions.SessionNotCreatedException: Message: session not created
E   from disconnected: unable to connect to renderer
E     (Session info: headless chrome=87.0.4280.88)</error></testcase><testcase classname="" name="unit_test.list_ssus_test" time="0.000"><error message="collection failure">unit_test/list_ssus_test.py:27: in &lt;module&gt;
    get_data()
unit_test/list_ssus_test.py:26: in get_data
    assert utl_ssus.get_data_ssus_list(), 'Falla'
E   AssertionError: Falla
E   assert None
E    +  where None = &lt;bound method Utilities.get_data_ssus_list of &lt;list_ssus.utilities.Utilities object at 0x7fb4739a52e0&gt;&gt;()
E    +    where &lt;bound method Utilities.get_data_ssus_list of &lt;list_ssus.utilities.Utilities object at 0x7fb4739a52e0&gt;&gt; = &lt;list_ssus.utilities.Utilities object at 0x7fb4739a52e0&gt;.get_data_ssus_list</error></testcase></testsuite></testsuites>